Build started 12-Sep-17 1:56:44 PM.
     1>Project "C:\Users\Germingi\Documents\programming\c++\recprog\pegSolitaire\pegSolitaire\pegSolitaire.vcxproj" on node 2 (build target(s)).
     1>InitializeBuildStatus:
         Creating "Debug\pegSolitaire.unsuccessfulbuild" because "AlwaysCreate" was specified.
       ClCompile:
         All outputs are up-to-date.
         c:\Program Files (x86)\Microsoft Visual Studio 10.0\VC\bin\CL.exe /c /ZI /nologo /W3 /WX- /Od /Oy- /D WIN32 /D _DEBUG /D _CONSOLE /D _UNICODE /D UNICODE /Gm /EHsc /RTC1 /MDd /GS /fp:precise /Zc:wchar_t /Zc:forScope /Yu"StdAfx.h" /Fp"Debug\pegSolitaire.pch" /Fo"Debug\\" /Fd"Debug\vc100.pdb" /Gd /TP /analyze- /errorReport:prompt pegSolitaire.cpp
         pegSolitaire.cpp
     1>c:\users\germingi\documents\programming\c++\recprog\pegsolitaire\pegsolitaire\pegsolitaire.cpp(129): warning C4996: 'freopen': This function or variable may be unsafe. Consider using freopen_s instead. To disable deprecation, use _CRT_SECURE_NO_WARNINGS. See online help for details.
                 c:\program files (x86)\microsoft visual studio 10.0\vc\include\stdio.h(249) : see declaration of 'freopen'
       ManifestResourceCompile:
         All outputs are up-to-date.
       Link:
         c:\Program Files (x86)\Microsoft Visual Studio 10.0\VC\bin\link.exe /ERRORREPORT:PROMPT /OUT:"C:\Users\Germingi\Documents\programming\c++\recprog\pegSolitaire\Debug\pegSolitaire.exe" /INCREMENTAL /NOLOGO kernel32.lib user32.lib gdi32.lib winspool.lib comdlg32.lib advapi32.lib shell32.lib ole32.lib oleaut32.lib uuid.lib odbc32.lib odbccp32.lib /MANIFEST /ManifestFile:"Debug\pegSolitaire.exe.intermediate.manifest" /MANIFESTUAC:"level='asInvoker' uiAccess='false'" /DEBUG /PDB:"C:\Users\Germingi\Documents\programming\c++\recprog\pegSolitaire\Debug\pegSolitaire.pdb" /SUBSYSTEM:CONSOLE /TLBID:1 /DYNAMICBASE /NXCOMPAT /IMPLIB:"C:\Users\Germingi\Documents\programming\c++\recprog\pegSolitaire\Debug\pegSolitaire.lib" /MACHINE:X86 Debug\pegSolitaire.exe.embed.manifest.res
         Debug\pegSolitaire.obj
         Debug\stdafx.obj
       Manifest:
         C:\Program Files (x86)\Microsoft SDKs\Windows\v7.0A\bin\mt.exe /nologo /verbose /out:"Debug\pegSolitaire.exe.embed.manifest" /manifest Debug\pegSolitaire.exe.intermediate.manifest
         All outputs are up-to-date.
       LinkEmbedManifest:
         All outputs are up-to-date.
         pegSolitaire.vcxproj -> C:\Users\Germingi\Documents\programming\c++\recprog\pegSolitaire\Debug\pegSolitaire.exe
       FinalizeBuildStatus:
         Deleting file "Debug\pegSolitaire.unsuccessfulbuild".
         Touching "Debug\pegSolitaire.lastbuildstate".
     1>Done Building Project "C:\Users\Germingi\Documents\programming\c++\recprog\pegSolitaire\pegSolitaire\pegSolitaire.vcxproj" (build target(s)).

Build succeeded.

Time Elapsed 00:00:00.80
